2023-08-03T13:40:06.942Z info: 	=========== SERVER STARTED FOR HTTP RQ ===========
2023-08-03T13:40:06.943Z info: 	    =============   PORT: 8080   =============
2023-08-03T13:40:13.133Z error: 	TRPCError: [
  {
    "code": "invalid_type",
    "expected": "number",
    "received": "string",
    "path": [
      "schoolId"
    ],
    "message": "Expected number, received string"
  }
]
2023-08-03T13:42:04.035Z error: 	TRPCError: [
  {
    "code": "invalid_type",
    "expected": "number",
    "received": "string",
    "path": [
      "schoolYear1"
    ],
    "message": "Expected number, received string"
  },
  {
    "code": "invalid_type",
    "expected": "number",
    "received": "string",
    "path": [
      "schoolYear2"
    ],
    "message": "Expected number, received string"
  },
  {
    "code": "invalid_type",
    "expected": "number",
    "received": "string",
    "path": [
      "schoolId"
    ],
    "message": "Expected number, received string"
  }
]
2023-08-03T13:42:09.322Z error: 	TRPCError: [
  {
    "code": "invalid_type",
    "expected": "number",
    "received": "string",
    "path": [
      "schoolYear1"
    ],
    "message": "Expected number, received string"
  },
  {
    "code": "invalid_type",
    "expected": "number",
    "received": "string",
    "path": [
      "schoolYear2"
    ],
    "message": "Expected number, received string"
  }
]
