2023-07-23T18:07:34.694Z info: 	=========== SERVER STARTED FOR HTTP RQ ===========
2023-07-23T18:07:34.695Z info: 	    =============   PORT: 8080   =============
2023-07-23T18:07:36.963Z error: 	TRPCError: [
  {
    "code": "too_small",
    "minimum": 1,
    "type": "string",
    "inclusive": true,
    "exact": false,
    "message": "String must contain at least 1 character(s)",
    "path": [
      "firstName"
    ]
  },
  {
    "code": "too_small",
    "minimum": 1,
    "type": "string",
    "inclusive": true,
    "exact": false,
    "message": "String must contain at least 1 character(s)",
    "path": [
      "lastName"
    ]
  }
]
2023-07-23T18:09:05.692Z error: 	TRPCError: [
  {
    "code": "too_small",
    "minimum": 1,
    "type": "string",
    "inclusive": true,
    "exact": false,
    "message": "String must contain at least 1 character(s)",
    "path": [
      "firstName"
    ]
  },
  {
    "code": "too_small",
    "minimum": 1,
    "type": "string",
    "inclusive": true,
    "exact": false,
    "message": "String must contain at least 1 character(s)",
    "path": [
      "lastName"
    ]
  }
]
2023-07-23T18:10:26.736Z error: 	TRPCError: [
  {
    "code": "too_small",
    "minimum": 1,
    "type": "string",
    "inclusive": true,
    "exact": false,
    "message": "String must contain at least 1 character(s)",
    "path": [
      "firstName"
    ]
  },
  {
    "code": "too_small",
    "minimum": 1,
    "type": "string",
    "inclusive": true,
    "exact": false,
    "message": "String must contain at least 1 character(s)",
    "path": [
      "lastName"
    ]
  }
]
2023-07-23T18:10:36.919Z error: 	TRPCError: [
  {
    "code": "too_small",
    "minimum": 1,
    "type": "string",
    "inclusive": true,
    "exact": false,
    "message": "String must contain at least 1 character(s)",
    "path": [
      "firstName"
    ]
  },
  {
    "code": "too_small",
    "minimum": 1,
    "type": "string",
    "inclusive": true,
    "exact": false,
    "message": "String must contain at least 1 character(s)",
    "path": [
      "lastName"
    ]
  }
]
