2023-07-23T18:15:16.536Z info: 	=========== SERVER STARTED FOR HTTP RQ ===========
2023-07-23T18:15:16.536Z info: 	    =============   PORT: 8080   =============
2023-07-23T18:15:23.069Z error: 	TRPCError: [
  {
    "code": "too_small",
    "minimum": 1,
    "type": "string",
    "inclusive": true,
    "exact": false,
    "message": "String must contain at least 1 character(s)",
    "path": [
      "firstName"
    ]
  },
  {
    "code": "too_small",
    "minimum": 1,
    "type": "string",
    "inclusive": true,
    "exact": false,
    "message": "String must contain at least 1 character(s)",
    "path": [
      "lastName"
    ]
  }
]
