2023-08-05T10:18:09.951Z info: 	=========== SERVER STARTED FOR HTTP RQ ===========
2023-08-05T10:18:09.952Z info: 	    =============   PORT: 8080   =============
2023-08-05T11:30:29.890Z info: 	=========== SERVER STARTED FOR HTTP RQ ===========
2023-08-05T11:30:29.891Z info: 	    =============   PORT: 8080   =============
2023-08-05T11:40:28.830Z info: 	=========== SERVER STARTED FOR HTTP RQ ===========
2023-08-05T11:40:28.831Z info: 	    =============   PORT: 8080   =============
2023-08-05T11:40:34.662Z info: 	=========== SERVER STARTED FOR HTTP RQ ===========
2023-08-05T11:40:34.663Z info: 	    =============   PORT: 8080   =============
2023-08-05T11:46:52.387Z info: 	=========== SERVER STARTED FOR HTTP RQ ===========
2023-08-05T11:46:52.389Z info: 	    =============   PORT: 8080   =============
2023-08-05T11:47:06.712Z info: 	=========== SERVER STARTED FOR HTTP RQ ===========
2023-08-05T11:47:06.714Z info: 	    =============   PORT: 8080   =============
2023-08-05T11:50:59.504Z info: 	=========== SERVER STARTED FOR HTTP RQ ===========
2023-08-05T11:50:59.505Z info: 	    =============   PORT: 8080   =============
2023-08-05T11:56:11.726Z info: 	=========== SERVER STARTED FOR HTTP RQ ===========
2023-08-05T11:56:11.727Z info: 	    =============   PORT: 8080   =============
2023-08-05T12:00:47.574Z info: 	=========== SERVER STARTED FOR HTTP RQ ===========
2023-08-05T12:00:47.575Z info: 	    =============   PORT: 8080   =============
2023-08-05T12:01:23.761Z info: 	=========== SERVER STARTED FOR HTTP RQ ===========
2023-08-05T12:01:23.763Z info: 	    =============   PORT: 8080   =============
2023-08-05T12:01:32.237Z info: 	=========== SERVER STARTED FOR HTTP RQ ===========
2023-08-05T12:01:32.239Z info: 	    =============   PORT: 8080   =============
2023-08-05T12:28:11.724Z info: 	=========== SERVER STARTED FOR HTTP RQ ===========
2023-08-05T12:28:11.725Z info: 	    =============   PORT: 8080   =============
2023-08-05T12:28:28.312Z info: 	=========== SERVER STARTED FOR HTTP RQ ===========
2023-08-05T12:28:28.314Z info: 	    =============   PORT: 8080   =============
2023-08-05T12:28:40.416Z info: 	=========== SERVER STARTED FOR HTTP RQ ===========
2023-08-05T12:28:40.418Z info: 	    =============   PORT: 8080   =============
2023-08-05T12:30:03.636Z info: 	=========== SERVER STARTED FOR HTTP RQ ===========
2023-08-05T12:30:03.637Z info: 	    =============   PORT: 8080   =============
2023-08-05T12:30:11.614Z info: 	=========== SERVER STARTED FOR HTTP RQ ===========
2023-08-05T12:30:11.616Z info: 	    =============   PORT: 8080   =============
2023-08-05T12:31:07.585Z info: 	=========== SERVER STARTED FOR HTTP RQ ===========
2023-08-05T12:31:07.586Z info: 	    =============   PORT: 8080   =============
2023-08-05T12:39:29.953Z info: 	=========== SERVER STARTED FOR HTTP RQ ===========
2023-08-05T12:39:29.954Z info: 	    =============   PORT: 8080   =============
2023-08-05T12:39:41.339Z info: 	=========== SERVER STARTED FOR HTTP RQ ===========
2023-08-05T12:39:41.341Z info: 	    =============   PORT: 8080   =============
2023-08-05T12:39:46.963Z info: 	=========== SERVER STARTED FOR HTTP RQ ===========
2023-08-05T12:39:46.964Z info: 	    =============   PORT: 8080   =============
2023-08-05T12:40:04.748Z info: 	=========== SERVER STARTED FOR HTTP RQ ===========
2023-08-05T12:40:04.749Z info: 	    =============   PORT: 8080   =============
2023-08-05T13:00:50.606Z info: 	=========== SERVER STARTED FOR HTTP RQ ===========
2023-08-05T13:00:50.608Z info: 	    =============   PORT: 8080   =============
2023-08-05T13:22:26.409Z info: 	=========== SERVER STARTED FOR HTTP RQ ===========
2023-08-05T13:22:26.410Z info: 	    =============   PORT: 8080   =============
2023-08-05T13:23:22.033Z info: 	=========== SERVER STARTED FOR HTTP RQ ===========
2023-08-05T13:23:22.033Z info: 	    =============   PORT: 8080   =============
2023-08-05T13:23:24.756Z info: 	=========== SERVER STARTED FOR HTTP RQ ===========
2023-08-05T13:23:24.757Z info: 	    =============   PORT: 8080   =============
2023-08-05T13:34:44.918Z error: 	TRPCError: [
  {
    "code": "invalid_type",
    "expected": "number",
    "received": "nan",
    "path": [
      "schoolId"
    ],
    "message": "Expected number, received nan"
  }
]
2023-08-05T13:37:55.104Z info: 	=========== SERVER STARTED FOR HTTP RQ ===========
2023-08-05T13:37:55.105Z info: 	    =============   PORT: 8080   =============
2023-08-05T13:51:48.946Z error: 	TRPCError: [
  {
    "code": "invalid_type",
    "expected": "number",
    "received": "nan",
    "path": [
      "grade"
    ],
    "message": "Expected number, received nan"
  }
]
2023-08-05T16:35:31.282Z info: 	=========== SERVER STARTED FOR HTTP RQ ===========
2023-08-05T16:35:31.283Z info: 	    =============   PORT: 8080   =============
2023-08-05T16:54:37.123Z info: 	=========== SERVER STARTED FOR HTTP RQ ===========
2023-08-05T16:54:37.126Z info: 	    =============   PORT: 8080   =============
2023-08-05T16:55:12.644Z info: 	=========== SERVER STARTED FOR HTTP RQ ===========
2023-08-05T16:55:12.646Z info: 	    =============   PORT: 8080   =============
2023-08-05T16:56:01.910Z info: 	=========== SERVER STARTED FOR HTTP RQ ===========
2023-08-05T16:56:01.912Z info: 	    =============   PORT: 8080   =============
2023-08-05T16:56:27.939Z info: 	=========== SERVER STARTED FOR HTTP RQ ===========
2023-08-05T16:56:27.940Z info: 	    =============   PORT: 8080   =============
2023-08-05T16:56:55.948Z info: 	=========== SERVER STARTED FOR HTTP RQ ===========
2023-08-05T16:56:55.949Z info: 	    =============   PORT: 8080   =============
2023-08-05T16:57:19.717Z info: 	=========== SERVER STARTED FOR HTTP RQ ===========
2023-08-05T16:57:19.718Z info: 	    =============   PORT: 8080   =============
