2023-07-23T18:25:37.577Z info: 	=========== SERVER STARTED FOR HTTP RQ ===========
2023-07-23T18:25:37.578Z info: 	    =============   PORT: 8080   =============
2023-07-23T18:25:44.345Z error: 	TRPCError: [
  {
    "code": "too_small",
    "minimum": 1,
    "type": "string",
    "inclusive": true,
    "exact": false,
    "message": "String must contain at least 1 character(s)",
    "path": [
      "firstName"
    ]
  },
  {
    "code": "too_small",
    "minimum": 1,
    "type": "string",
    "inclusive": true,
    "exact": false,
    "message": "String must contain at least 1 character(s)",
    "path": [
      "lastName"
    ]
  }
]
2023-07-23T18:26:09.499Z error: 	TRPCError: [
  {
    "code": "too_small",
    "minimum": 1,
    "type": "string",
    "inclusive": true,
    "exact": false,
    "message": "String must contain at least 1 character(s)",
    "path": [
      "firstName"
    ]
  },
  {
    "code": "too_small",
    "minimum": 1,
    "type": "string",
    "inclusive": true,
    "exact": false,
    "message": "String must contain at least 1 character(s)",
    "path": [
      "lastName"
    ]
  }
]
2023-07-23T18:26:44.025Z error: 	TRPCError: [
  {
    "code": "too_small",
    "minimum": 1,
    "type": "string",
    "inclusive": true,
    "exact": false,
    "message": "String must contain at least 1 character(s)",
    "path": [
      "firstName"
    ]
  },
  {
    "code": "too_small",
    "minimum": 1,
    "type": "string",
    "inclusive": true,
    "exact": false,
    "message": "String must contain at least 1 character(s)",
    "path": [
      "lastName"
    ]
  }
]
